#
# A fatal error has been detected by the Java Runtime Environment:
#
#  Internal Error (javaClasses.cpp:124), pid=8088, tid=6956
#  fatal error: Invalid layout of preloaded class
#
# JRE version:  (8.0_05-b13) (build )
# Java VM: Java HotSpot(TM) 64-Bit Server VM (25.5-b02 mixed mode windows-amd64 compressed oops)
# Failed to write core dump. Minidumps are not enabled by default on client versions of Windows
#
# If you would like to submit a bug report, please visit:
#   http://bugreport.sun.com/bugreport/crash.jsp
#

---------------  T H R E A D  ---------------

Current thread (0x0000000002df2800):  JavaThread "Unknown thread" [_thread_in_vm, id=6956, stack(0x0000000002cf0000,0x0000000002df0000)]

Stack: [0x0000000002cf0000,0x0000000002df0000]
Native frames: (J=compiled Java code, j=interpreted, Vv=VM code, C=native code)
V  [jvm.dll+0x308dea]
V  [jvm.dll+0x25def1]
V  [jvm.dll+0x25eb0f]
V  [jvm.dll+0x256466]
V  [jvm.dll+0x5d33c]
V  [jvm.dll+0x5d433]
V  [jvm.dll+0x71d2a]
V  [jvm.dll+0x72088]
V  [jvm.dll+0xe1607]
V  [jvm.dll+0xe1996]
V  [jvm.dll+0x1f13e7]
V  [jvm.dll+0x2227c4]
V  [jvm.dll+0x149f71]
C  [javaw.exe+0x208a]
C  [javaw.exe+0xc9db]
C  [javaw.exe+0xca6f]
C  [KERNEL32.DLL+0x12d92]
C  [ntdll.dll+0x9f64]


---------------  P R O C E S S  ---------------

Java Threads: ( => current thread )

Other Threads:

=>0x0000000002df2800 (exited) JavaThread "Unknown thread" [_thread_in_vm, id=6956, stack(0x0000000002cf0000,0x0000000002df0000)]

VM state:not at safepoint (not fully initialized)

VM Mutex/Monitor currently owned by a thread: None

GC Heap History (0 events):
No events

Deoptimization events (0 events):
No events

Internal exceptions (0 events):
No events

Events (10 events):
Event: 0.014 loading class java/lang/CharSequence done
Event: 0.014 loading class java/lang/String done
Event: 0.014 loading class java/lang/Class
Event: 0.014 loading class java/lang/reflect/AnnotatedElement
Event: 0.014 loading class java/lang/reflect/AnnotatedElement done
Event: 0.014 loading class java/lang/reflect/GenericDeclaration
Event: 0.014 loading class java/lang/reflect/GenericDeclaration done
Event: 0.014 loading class java/lang/reflect/Type
Event: 0.014 loading class java/lang/reflect/Type done
Event: 0.014 loading class java/lang/Class done


Dynamic libraries:
0x00007ff772090000 - 0x00007ff7720c4000 	C:\android\adt-bundle-windows-x86_64-20131030\eclipse\jre\bin\javaw.exe
0x00007ffb49170000 - 0x00007ffb49331000 	C:\Windows\SYSTEM32\ntdll.dll
0x00007ffb46d70000 - 0x00007ffb46e1d000 	C:\Windows\system32\KERNEL32.DLL
0x00007ffb465a0000 - 0x00007ffb4677d000 	C:\Windows\system32\KERNELBASE.dll
0x00007ffb49060000 - 0x00007ffb49106000 	C:\Windows\system32\ADVAPI32.dll
0x00007ffb46c20000 - 0x00007ffb46cbd000 	C:\Windows\system32\msvcrt.dll
0x00007ffb48630000 - 0x00007ffb4868b000 	C:\Windows\system32\sechost.dll
0x00007ffb48b30000 - 0x00007ffb48c56000 	C:\Windows\system32\RPCRT4.dll
0x00007ffb48350000 - 0x00007ffb4849e000 	C:\Windows\system32\USER32.dll
0x00007ffb484a0000 - 0x00007ffb48626000 	C:\Windows\system32\GDI32.dll
0x00007ffb3b900000 - 0x00007ffb3bb74000 	C:\Windows\WinSxS\amd64_microsoft.windows.common-controls_6595b64144ccf1df_6.0.10240.16384_none_f41f7b285750ef43\COMCTL32.dll
0x00007ffb48f60000 - 0x00007ffb48f96000 	C:\Windows\system32\IMM32.DLL
0x00007ffb48810000 - 0x00007ffb4896c000 	C:\Windows\system32\MSCTF.dll
0x0000000069560000 - 0x0000000069632000 	C:\android\adt-bundle-windows-x86_64-20131030\eclipse\jre\bin\msvcr100.dll
0x0000000069950000 - 0x000000006a17a000 	C:\android\adt-bundle-windows-x86_64-20131030\eclipse\jre\bin\server\jvm.dll
0x00007ffb48b20000 - 0x00007ffb48b28000 	C:\Windows\system32\PSAPI.DLL
0x00007ffb3f6f0000 - 0x00007ffb3f6f9000 	C:\Windows\SYSTEM32\WSOCK32.dll
0x00007ffb48c60000 - 0x00007ffb48cc9000 	C:\Windows\system32\WS2_32.dll
0x00007ffb48700000 - 0x00007ffb48708000 	C:\Windows\system32\NSI.dll
0x00007ffb43ba0000 - 0x00007ffb43bc3000 	C:\Windows\SYSTEM32\WINMM.dll
0x00007ffb43b40000 - 0x00007ffb43b6c000 	C:\Windows\SYSTEM32\WINMMBASE.dll
0x00007ffb45e10000 - 0x00007ffb45e54000 	C:\Windows\system32\cfgmgr32.dll
0x00007ffb444e0000 - 0x00007ffb44507000 	C:\Windows\SYSTEM32\DEVOBJ.dll
0x0000000069940000 - 0x000000006994f000 	C:\android\adt-bundle-windows-x86_64-20131030\eclipse\jre\bin\verify.dll
0x0000000069910000 - 0x0000000069938000 	C:\android\adt-bundle-windows-x86_64-20131030\eclipse\jre\bin\java.dll
0x00000000698f0000 - 0x0000000069906000 	C:\android\adt-bundle-windows-x86_64-20131030\eclipse\jre\bin\zip.dll
0x00007ffb29980000 - 0x00007ffb29b0a000 	C:\Windows\SYSTEM32\dbghelp.dll

VM Arguments:
jvm_args: -Dfile.encoding=GBK -Xbootclasspath:C:\android\adt-bundle-windows-x86_64-20131030\sdk\platforms\android-19\android.jar 
java_command: com.liu.adserver.PushMsgToAll
java_class_path (initial): C:\android\graduation project\adt workspace\AdServer\bin\classes;C:\android\graduation project\adt workspace\AdServer\libs\android-support-v4.jar;C:\android\graduation project\adt workspace\javasdk_3.0.1\bin;C:\android\graduation project\adt workspace\javasdk_3.0.1\libs\commons-beanutils-1.9.2.jar;C:\android\graduation project\adt workspace\javasdk_3.0.1\libs\commons-collections-3.2.1.jar;C:\android\graduation project\adt workspace\javasdk_3.0.1\libs\commons-lang-2.6.jar;C:\android\graduation project\adt workspace\javasdk_3.0.1\libs\commons-logging-1.2.jar;C:\android\graduation project\adt workspace\javasdk_3.0.1\libs\ezmorph-1.0.6.jar;C:\android\graduation project\adt workspace\javasdk_3.0.1\libs\json-lib-2.4-jdk15.jar
Launcher Type: SUN_STANDARD

Environment Variables:
CLASSPATH=C:\Program Files\Java\jdk1.8.0_51\bin;
PATH=C:/android/adt-bundle-windows-x86_64-20131030/eclipse/jre/bin/server;C:/android/adt-bundle-windows-x86_64-20131030/eclipse/jre/bin;C:/android/adt-bundle-windows-x86_64-20131030/eclipse/jre/lib/amd64;C:\ProgramData\Oracle\Java\javapath;C:\Windows\system32;C:\Windows;C:\Windows\System32\Wbem;C:\Windows\System32\WindowsPowerShell\v1.0\;E:\program files\Java\bin;C:\Program Files (x86)\AMD\ATI.ACE\Core-Static;C:\Program Files\Java\jdk1.8.0_51\bin;C:\android\sdk\platform-tools;D:\Program Files (x86)\yeshen\Nox\bin;C:\Program Files\nodejs\;C:\Users\brill\AppData\Roaming\npm;C:\android\adt-bundle-windows-x86_64-20131030\eclipse;
USERNAME=brill
OS=Windows_NT
PROCESSOR_IDENTIFIER=Intel64 Family 6 Model 58 Stepping 9, GenuineIntel



---------------  S Y S T E M  ---------------

OS: Windows 8.1 , 64 bit Build 9600 

CPU:total 4 (2 cores per cpu, 2 threads per core) family 6 model 58 stepping 9, cmov, cx8, fxsr, mmx, sse, sse2, sse3, ssse3, sse4.1, sse4.2, popcnt, avx, aes, clmul, erms, ht, tsc, tscinvbit

Memory: 4k page, physical 8254308k(2120672k free), swap 8778596k(1753044k free)

vm_info: Java HotSpot(TM) 64-Bit Server VM (25.5-b02) for windows-amd64 JRE (1.8.0_05-b13), built on Mar 18 2014 01:08:39 by "java_re" with MS VC++ 10.0 (VS2010)

time: Tue Dec 27 16:49:30 2016
elapsed time: 0 seconds

